<?xml version="1.0" encoding="UTF-8"?>
<!-- Generated by org.testng.reporters.JUnitReportReporter -->
<testsuite hostname="AcerNitro" name="codebase.TestScripts.sauceLabsChallenge" tests="1" failures="0" timestamp="5 Feb 2022 11:34:18 GMT" time="1.376" errors="0">
  <testcase name="challengeOne" time="1.376" classname="codebase.TestScripts.sauceLabsChallenge"/>
</testsuite> <!-- codebase.TestScripts.sauceLabsChallenge -->
